<?xml version="1.0" encoding="UTF-8"?>
<testsuite xmlns:xsi="http://www.w3.org/2001/XMLSchema-instance" xsi:schemaLocation="https://maven.apache.org/surefire/maven-surefire-plugin/xsd/surefire-test-report.xsd" name="com.example.demo.DemoApplicationTests" time="0.445" tests="1" errors="1" skipped="0" failures="0">
  <properties>
[...]
</properties>
  <testcase name="initializationError" classname="com.example.demo.DemoApplicationTests" time="0.006">
    <error message="Unable to find a @SpringBootConfiguration, you need to use @ContextConfiguration or @SpringBootTest(classes=...) with your test" type="java.lang.IllegalStateException">java.lang.IllegalStateException: Unable to find a @SpringBootConfiguration, you need to use @ContextConfiguration or @SpringBootTest(classes=...) with your test
</error>
    <system-out><![CDATA[09:34:34.601 [main] DEBUG org.springframework.test.context.junit4.SpringJUnit4ClassRunner - SpringJUnit4ClassRunner constructor called with [class com.example.demo.DemoApplicationTests]
09:34:34.608 [main] DEBUG org.springframework.test.context.BootstrapUtils - Instantiating CacheAwareContextLoaderDelegate from class [org.springframework.test.context.cache.DefaultCacheAwareContextLoaderDelegate]
09:34:34.619 [main] DEBUG org.springframework.test.context.BootstrapUtils - Instantiating BootstrapContext using constructor [public org.springframework.test.context.support.DefaultBootstrapContext(java.lang.Class,org.springframework.test.context.CacheAwareContextLoaderDelegate)]
09:34:34.636 [main] DEBUG org.springframework.test.context.BootstrapUtils - Instantiating TestContextBootstrapper for test class [com.example.demo.DemoApplicationTests] from class [org.springframework.boot.test.context.SpringBootTestContextBootstrapper]
09:34:34.654 [main] INFO org.springframework.boot.test.context.SpringBootTestContextBootstrapper - Neither @ContextConfiguration nor @ContextHierarchy found for test class [com.example.demo.DemoApplicationTests], using SpringBootContextLoader
09:34:34.659 [main] DEBUG org.springframework.test.context.support.AbstractContextLoader - Did not detect default resource location for test class [com.example.demo.DemoApplicationTests]: class path resource [com/example/demo/DemoApplicationTests-context.xml] does not exist
09:34:34.659 [main] DEBUG org.springframework.test.context.support.AbstractContextLoader - Did not detect default resource location for test class [com.example.demo.DemoApplicationTests]: class path resource [com/example/demo/DemoApplicationTestsContext.groovy] does not exist
09:34:34.659 [main] INFO org.springframework.test.context.support.AbstractContextLoader - Could not detect default resource locations for test class [com.example.demo.DemoApplicationTests]: no resource found for suffixes {-context.xml, Context.groovy}.
09:34:34.660 [main] INFO org.springframework.test.context.support.AnnotationConfigContextLoaderUtils - Could not detect default configuration classes for test class [com.example.demo.DemoApplicationTests]: DemoApplicationTests does not declare any static, non-private, non-final, nested classes annotated with @Configuration.
09:34:34.706 [main] DEBUG org.springframework.test.context.support.ActiveProfilesUtils - Could not find an 'annotation declaring class' for annotation type [org.springframework.test.context.ActiveProfiles] and class [com.example.demo.DemoApplicationTests]
09:34:34.714 [main] DEBUG org.springframework.core.env.StandardEnvironment - Adding [systemProperties] PropertySource with lowest search precedence
09:34:34.715 [main] DEBUG org.springframework.core.env.StandardEnvironment - Adding [systemEnvironment] PropertySource with lowest search precedence
09:34:34.715 [main] DEBUG org.springframework.core.env.StandardEnvironment - Initialized StandardEnvironment with PropertySources [systemProperties,systemEnvironment]
09:34:34.730 [main] DEBUG org.springframework.core.io.support.PathMatchingResourcePatternResolver - Resolved classpath location [com/example/demo/] to resources [URL [file:/D:/Idea/demo/target/test-classes/com/example/demo/]]
09:34:34.730 [main] DEBUG org.springframework.core.io.support.PathMatchingResourcePatternResolver - Looking for matching resources in directory tree [D:\Idea\demo\target\test-classes\com\example\demo]
09:34:34.730 [main] DEBUG org.springframework.core.io.support.PathMatchingResourcePatternResolver - Searching directory [D:\Idea\demo\target\test-classes\com\example\demo] for files matching pattern [D:/Idea/demo/target/test-classes/com/example/demo/*.class]
09:34:34.733 [main] DEBUG org.springframework.core.io.support.PathMatchingResourcePatternResolver - Resolved location pattern [classpath*:com/example/demo/*.class] to resources [file [D:\Idea\demo\target\test-classes\com\example\demo\DemoApplicationTests.class]]
09:34:34.757 [main] DEBUG org.springframework.core.io.support.PathMatchingResourcePatternResolver - Resolved classpath location [com/example/] to resources [URL [file:/D:/Idea/demo/target/test-classes/com/example/], URL [file:/D:/Idea/demo/target/classes/com/example/]]
09:34:34.757 [main] DEBUG org.springframework.core.io.support.PathMatchingResourcePatternResolver - Looking for matching resources in directory tree [D:\Idea\demo\target\test-classes\com\example]
09:34:34.757 [main] DEBUG org.springframework.core.io.support.PathMatchingResourcePatternResolver - Searching directory [D:\Idea\demo\target\test-classes\com\example] for files matching pattern [D:/Idea/demo/target/test-classes/com/example/*.class]
09:34:34.757 [main] DEBUG org.springframework.core.io.support.PathMatchingResourcePatternResolver - Looking for matching resources in directory tree [D:\Idea\demo\target\classes\com\example]
09:34:34.758 [main] DEBUG org.springframework.core.io.support.PathMatchingResourcePatternResolver - Searching directory [D:\Idea\demo\target\classes\com\example] for files matching pattern [D:/Idea/demo/target/classes/com/example/*.class]
09:34:34.758 [main] DEBUG org.springframework.core.io.support.PathMatchingResourcePatternResolver - Resolved location pattern [classpath*:com/example/*.class] to resources []
09:34:34.759 [main] DEBUG org.springframework.core.io.support.PathMatchingResourcePatternResolver - Resolved classpath location [com/] to resources [URL [file:/D:/Idea/demo/target/test-classes/com/], URL [file:/D:/Idea/demo/target/classes/com/], URL [jar:file:/C:/Users/root/.m2/repository/com/fasterxml/jackson/core/jackson-databind/2.9.0.pr4/jackson-databind-2.9.0.pr4.jar!/com/], URL [jar:file:/C:/Users/root/.m2/repository/com/fasterxml/jackson/core/jackson-annotations/2.9.0.pr4/jackson-annotations-2.9.0.pr4.jar!/com/], URL [jar:file:/C:/Users/root/.m2/repository/com/fasterxml/jackson/core/jackson-core/2.9.0.pr4/jackson-core-2.9.0.pr4.jar!/com/], URL [jar:file:/C:/Users/root/.m2/repository/com/fasterxml/jackson/datatype/jackson-datatype-jdk8/2.9.0.pr4/jackson-datatype-jdk8-2.9.0.pr4.jar!/com/], URL [jar:file:/C:/Users/root/.m2/repository/com/fasterxml/jackson/datatype/jackson-datatype-jsr310/2.9.0.pr4/jackson-datatype-jsr310-2.9.0.pr4.jar!/com/], URL [jar:file:/C:/Users/root/.m2/repository/com/fasterxml/jackson/module/jackson-module-parameter-names/2.9.0.pr4/jackson-module-parameter-names-2.9.0.pr4.jar!/com/], URL [jar:file:/C:/Users/root/.m2/repository/com/fasterxml/jackson/module/jackson-module-kotlin/2.9.0.pr4/jackson-module-kotlin-2.9.0.pr4.jar!/com/], URL [jar:file:/C:/Users/root/.m2/repository/com/fasterxml/classmate/1.3.3/classmate-1.3.3.jar!/com/], URL [jar:file:/C:/Users/root/.m2/repository/com/jayway/jsonpath/json-path/2.4.0/json-path-2.4.0.jar!/com/]]
09:34:34.759 [main] DEBUG org.springframework.core.io.support.PathMatchingResourcePatternResolver - Looking for matching resources in directory tree [D:\Idea\demo\target\test-classes\com]
09:34:34.759 [main] DEBUG org.springframework.core.io.support.PathMatchingResourcePatternResolver - Searching directory [D:\Idea\demo\target\test-classes\com] for files matching pattern [D:/Idea/demo/target/test-classes/com/*.class]
09:34:34.759 [main] DEBUG org.springframework.core.io.support.PathMatchingResourcePatternResolver - Looking for matching resources in directory tree [D:\Idea\demo\target\classes\com]
09:34:34.759 [main] DEBUG org.springframework.core.io.support.PathMatchingResourcePatternResolver - Searching directory [D:\Idea\demo\target\classes\com] for files matching pattern [D:/Idea/demo/target/classes/com/*.class]
09:34:34.760 [main] DEBUG org.springframework.core.io.support.PathMatchingResourcePatternResolver - Looking for matching resources in jar file [file:/C:/Users/root/.m2/repository/com/fasterxml/jackson/core/jackson-databind/2.9.0.pr4/jackson-databind-2.9.0.pr4.jar]
09:34:34.770 [main] DEBUG org.springframework.core.io.support.PathMatchingResourcePatternResolver - Looking for matching resources in jar file [file:/C:/Users/root/.m2/repository/com/fasterxml/jackson/core/jackson-annotations/2.9.0.pr4/jackson-annotations-2.9.0.pr4.jar]
09:34:34.772 [main] DEBUG org.springframework.core.io.support.PathMatchingResourcePatternResolver - Looking for matching resources in jar file [file:/C:/Users/root/.m2/repository/com/fasterxml/jackson/core/jackson-core/2.9.0.pr4/jackson-core-2.9.0.pr4.jar]
09:34:34.774 [main] DEBUG org.springframework.core.io.support.PathMatchingResourcePatternResolver - Looking for matching resources in jar file [file:/C:/Users/root/.m2/repository/com/fasterxml/jackson/datatype/jackson-datatype-jdk8/2.9.0.pr4/jackson-datatype-jdk8-2.9.0.pr4.jar]
09:34:34.774 [main] DEBUG org.springframework.core.io.support.PathMatchingResourcePatternResolver - Looking for matching resources in jar file [file:/C:/Users/root/.m2/repository/com/fasterxml/jackson/datatype/jackson-datatype-jsr310/2.9.0.pr4/jackson-datatype-jsr310-2.9.0.pr4.jar]
09:34:34.776 [main] DEBUG org.springframework.core.io.support.PathMatchingResourcePatternResolver - Looking for matching resources in jar file [file:/C:/Users/root/.m2/repository/com/fasterxml/jackson/module/jackson-module-parameter-names/2.9.0.pr4/jackson-module-parameter-names-2.9.0.pr4.jar]
09:34:34.776 [main] DEBUG org.springframework.core.io.support.PathMatchingResourcePatternResolver - Looking for matching resources in jar file [file:/C:/Users/root/.m2/repository/com/fasterxml/jackson/module/jackson-module-kotlin/2.9.0.pr4/jackson-module-kotlin-2.9.0.pr4.jar]
09:34:34.777 [main] DEBUG org.springframework.core.io.support.PathMatchingResourcePatternResolver - Looking for matching resources in jar file [file:/C:/Users/root/.m2/repository/com/fasterxml/classmate/1.3.3/classmate-1.3.3.jar]
09:34:34.777 [main] DEBUG org.springframework.core.io.support.PathMatchingResourcePatternResolver - Looking for matching resources in jar file [file:/C:/Users/root/.m2/repository/com/jayway/jsonpath/json-path/2.4.0/json-path-2.4.0.jar]
09:34:34.779 [main] DEBUG org.springframework.core.io.support.PathMatchingResourcePatternResolver - Resolved location pattern [classpath*:com/*.class] to resources []
]]></system-out>
  </testcase>
</testsuite>